########### array before sorts ###########
0	34.290000	0.000000	75.870000	0.000000	n
1	75.870000	0.000000	75.870000	78.730000	n
2	75.870000	78.730000	34.290000	78.730000	n
3	34.290000	78.730000	34.290000	0.000000	n
Tolerance=0.050000.
*Exact match for i=0 and j=1.
*i point 34.290000	0.000000	75.870000	0.000000	y
*Exact match for i=1 and j=2.
*i point 75.870000	0.000000	75.870000	78.730000	y
*Exact match for i=2 and j=3.
*i point 75.870000	78.730000	34.290000	78.730000	y
########### array after sorts ###########
0	34.290000	0.000000	75.870000	0.000000	y
1	75.870000	0.000000	75.870000	78.730000	y
2	75.870000	78.730000	34.290000	78.730000	y
3	34.290000	78.730000	34.290000	0.000000	y
***************
.BOARD_OUTLINE UNOWNED
1.6
0     34.290000     0.000000     0
0     75.870000     0.000000     0
0     75.870000     78.730000     0
0     34.290000     78.730000     0
0     34.290000     0.000000     0
